c:\users\dome\documents\github\distrenderer\distrenderer\debug\vc120.pdb
c:\users\dome\documents\github\distrenderer\distrenderer\debug\vc120.idb
c:\users\dome\documents\github\distrenderer\distrenderer\debug\main.obj
c:\users\dome\documents\github\distrenderer\distrenderer\debug\glslutility.obj
c:\users\dome\documents\github\distrenderer\distrenderer\debug\image.obj
c:\users\dome\documents\github\distrenderer\distrenderer\debug\scene.obj
c:\users\dome\documents\github\distrenderer\distrenderer\debug\stb.obj
c:\users\dome\documents\github\distrenderer\distrenderer\debug\utilities.obj
c:\users\dome\documents\github\distrenderer\distrenderer\debug\mesh.obj
c:\users\dome\documents\github\distrenderer\distrenderer\debug\preview.obj
c:\users\dome\documents\github\distrenderer\distrenderer\debug\pathtrace.cu.cache
c:\users\dome\documents\github\distrenderer\distrenderer\debug\pathtrace.cu.obj
c:\users\dome\documents\github\distrenderer\debug\distrenderer.pdb
c:\users\dome\documents\github\distrenderer\distrenderer\debug\distrenderer.tlog\cl.command.1.tlog
c:\users\dome\documents\github\distrenderer\distrenderer\debug\distrenderer.tlog\cl.read.1.tlog
c:\users\dome\documents\github\distrenderer\distrenderer\debug\distrenderer.tlog\cl.write.1.tlog
c:\users\dome\documents\github\distrenderer\distrenderer\debug\distrenderer.tlog\link-cvtres.read.1.tlog
c:\users\dome\documents\github\distrenderer\distrenderer\debug\distrenderer.tlog\link-cvtres.write.1.tlog
c:\users\dome\documents\github\distrenderer\distrenderer\debug\distrenderer.tlog\link-rc.read.1.tlog
c:\users\dome\documents\github\distrenderer\distrenderer\debug\distrenderer.tlog\link-rc.write.1.tlog
c:\users\dome\documents\github\distrenderer\distrenderer\debug\distrenderer.tlog\link.772-cvtres.read.1.tlog
c:\users\dome\documents\github\distrenderer\distrenderer\debug\distrenderer.tlog\link.772-cvtres.write.1.tlog
c:\users\dome\documents\github\distrenderer\distrenderer\debug\distrenderer.tlog\link.772-rc.read.1.tlog
c:\users\dome\documents\github\distrenderer\distrenderer\debug\distrenderer.tlog\link.772-rc.write.1.tlog
c:\users\dome\documents\github\distrenderer\distrenderer\debug\distrenderer.tlog\link.772.read.1.tlog
c:\users\dome\documents\github\distrenderer\distrenderer\debug\distrenderer.tlog\link.772.write.1.tlog
c:\users\dome\documents\github\distrenderer\distrenderer\debug\distrenderer.tlog\link.command.1.tlog
c:\users\dome\documents\github\distrenderer\distrenderer\debug\distrenderer.tlog\link.read.1.tlog
c:\users\dome\documents\github\distrenderer\distrenderer\debug\distrenderer.tlog\link.write.1.tlog
