Build started 12/6/2015 3:27:15 PM.
     1>Project "C:\Users\Dome\Documents\GitHub\DistRenderer\DistRenderer\DistRenderer.vcxproj" on node 2 (Rebuild target(s)).
     1>CudaClean:
         cmd.exe /C "C:\Users\Dome\AppData\Local\Temp\tmp9b384cdc1af1421786c77fdbdfe4074a.cmd"
         "C:\Program Files\NVIDIA GPU Computing Toolkit\CUDA\v7.5\bin\nvcc.exe" -ccbin "C:\Program Files (x86)\Microsoft Visual Studio 12.0\VC\bin"  -I"C:\Program Files\NVIDIA GPU Computing Toolkit\CUDA\v7.5\include" -I"C:\Program Files\NVIDIA GPU Computing Toolkit\CUDA\v7.5\include"  -G   --keep-dir Debug -maxrregcount=0  --machine 32 --compile   -g   -DWIN32 -D_DEBUG -D_CONSOLE -D_MBCS -Xcompiler "/EHsc /W3 /nologo /Od /Zi /RTC1 /MDd " -o Debug\pathtrace.cu.obj "C:\Users\Dome\Documents\GitHub\DistRenderer\DistRenderer\pathtrace.cu" -clean
         
         C:\Users\Dome\Documents\GitHub\DistRenderer\DistRenderer>"C:\Program Files\NVIDIA GPU Computing Toolkit\CUDA\v7.5\bin\nvcc.exe" -ccbin "C:\Program Files (x86)\Microsoft Visual Studio 12.0\VC\bin"  -I"C:\Program Files\NVIDIA GPU Computing Toolkit\CUDA\v7.5\include" -I"C:\Program Files\NVIDIA GPU Computing Toolkit\CUDA\v7.5\include"  -G   --keep-dir Debug -maxrregcount=0  --machine 32 --compile   -g   -DWIN32 -D_DEBUG -D_CONSOLE -D_MBCS -Xcompiler "/EHsc /W3 /nologo /Od /Zi /RTC1 /MDd " -o Debug\pathtrace.cu.obj "C:\Users\Dome\Documents\GitHub\DistRenderer\DistRenderer\pathtrace.cu" -clean 
         pathtrace.cu
       AddCudaCompileDeps:
         C:\Program Files (x86)\Microsoft Visual Studio 12.0\VC\bin\cl.exe /E /nologo /showIncludes /TP /D__CUDACC__ /DWIN32 /D_DEBUG /D_CONSOLE /D_MBCS /I"C:\Program Files\NVIDIA GPU Computing Toolkit\CUDA\v7.5\include" /I"C:\Program Files\NVIDIA GPU Computing Toolkit\CUDA\v7.5\bin" /I"C:\Program Files\NVIDIA GPU Computing Toolkit\CUDA\v7.5\include" /I. /FIcuda_runtime.h /c C:\Users\Dome\Documents\GitHub\DistRenderer\DistRenderer\pathtrace.cu 
       CudaBuild:
         Compiling CUDA source file pathtrace.cu...
         cmd.exe /C "C:\Users\Dome\AppData\Local\Temp\tmp8dda8c034142449d9e801fabbfe31a4b.cmd"
         "C:\Program Files\NVIDIA GPU Computing Toolkit\CUDA\v7.5\bin\nvcc.exe" -gencode=arch=compute_20,code=\"sm_20,compute_20\" --use-local-env --cl-version 2013 -ccbin "C:\Program Files (x86)\Microsoft Visual Studio 12.0\VC\bin"  -I"C:\Program Files\NVIDIA GPU Computing Toolkit\CUDA\v7.5\include" -I"C:\Program Files\NVIDIA GPU Computing Toolkit\CUDA\v7.5\include"  -G   --keep-dir Debug -maxrregcount=0  --machine 32 --compile -cudart static  -g   -DWIN32 -D_DEBUG -D_CONSOLE -D_MBCS -Xcompiler "/EHsc /W3 /nologo /Od /Zi /RTC1 /MDd " -o Debug\pathtrace.cu.obj "C:\Users\Dome\Documents\GitHub\DistRenderer\DistRenderer\pathtrace.cu"
         
         C:\Users\Dome\Documents\GitHub\DistRenderer\DistRenderer>"C:\Program Files\NVIDIA GPU Computing Toolkit\CUDA\v7.5\bin\nvcc.exe" -gencode=arch=compute_20,code=\"sm_20,compute_20\" --use-local-env --cl-version 2013 -ccbin "C:\Program Files (x86)\Microsoft Visual Studio 12.0\VC\bin"  -I"C:\Program Files\NVIDIA GPU Computing Toolkit\CUDA\v7.5\include" -I"C:\Program Files\NVIDIA GPU Computing Toolkit\CUDA\v7.5\include"  -G   --keep-dir Debug -maxrregcount=0  --machine 32 --compile -cudart static  -g   -DWIN32 -D_DEBUG -D_CONSOLE -D_MBCS -Xcompiler "/EHsc /W3 /nologo /Od /Zi /RTC1 /MDd " -o Debug\pathtrace.cu.obj "C:\Users\Dome\Documents\GitHub\DistRenderer\DistRenderer\pathtrace.cu" 
     1>c:\users\dome\documents\github\distrenderer\distrenderer\intersections.h(48): warning : parameter "outside" was set but never used
     1>c:\users\dome\documents\github\distrenderer\distrenderer\interactions.h(521): warning : missing return statement at end of non-void function "getBxDFDirection"
     1>c:\users\dome\documents\github\distrenderer\distrenderer\interactions.h(545): warning : missing return statement at end of non-void function "calculateBxDFPDF"
     1>c:\users\dome\documents\github\distrenderer\include\glm\gtx\intersect.inl(51): warning : calling a __host__ function from a __host__ __device__ function is not allowed
     1>c:\users\dome\documents\github\distrenderer\include\glm\gtx\intersect.inl(51) (col. 32) : warning : calling a __host__ function("std::numeric_limits<float> ::epsilon") from a __host__ __device__ function("glm::intersectRayTriangle<glm::tvec3<float, (glm::precision)0> > ") is not allowed
     1>c:\users\dome\documents\github\distrenderer\distrenderer\intersections.h(48): warning : parameter "outside" was set but never used
     1>c:\users\dome\documents\github\distrenderer\distrenderer\interactions.h(521): warning : missing return statement at end of non-void function "getBxDFDirection"
     1>c:\users\dome\documents\github\distrenderer\distrenderer\interactions.h(545): warning : missing return statement at end of non-void function "calculateBxDFPDF"
         pathtrace.cu
     1>c:\users\dome\documents\github\distrenderer\distrenderer\intersections.h(65): warning C4244: '=' : conversion from 'int' to 'float', possible loss of data
     1>c:\users\dome\documents\github\distrenderer\distrenderer\interactions.h(135): warning C4244: 'argument' : conversion from 'double' to 'float', possible loss of data
     1>c:\users\dome\documents\github\distrenderer\distrenderer\interactions.h(254): warning C4305: 'argument' : truncation from 'double' to 'float'
     1>c:\users\dome\documents\github\distrenderer\distrenderer\interactions.h(255): warning C4305: 'argument' : truncation from 'double' to 'float'
     1>c:\users\dome\documents\github\distrenderer\distrenderer\interactions.h(256): warning C4305: 'argument' : truncation from 'double' to 'float'
     1>c:\users\dome\documents\github\distrenderer\distrenderer\interactions.h(258): warning C4305: 'argument' : truncation from 'double' to 'float'
     1>c:\users\dome\documents\github\distrenderer\distrenderer\interactions.h(545): warning C4715: 'calculateBxDFPDF' : not all control paths return a value
     1>c:\users\dome\documents\github\distrenderer\distrenderer\interactions.h(521): warning C4715: 'getBxDFDirection' : not all control paths return a value
       ClCompile:
         C:\Program Files (x86)\Microsoft Visual Studio 12.0\VC\bin\CL.exe /c /I"C:\Program Files\NVIDIA GPU Computing Toolkit\CUDA\v7.5\include" /ZI /nologo /W3 /WX- /Od /Oy- /D WIN32 /D _DEBUG /D _CONSOLE /D _MBCS /Gm /EHsc /RTC1 /MDd /GS /fp:precise /Zc:wchar_t /Zc:forScope /Fo"Debug\\" /Fd"Debug\vc120.pdb" /Gd /TP /analyze- /errorReport:prompt glslUtility.cpp image.cpp main.cpp Mesh.cpp preview.cpp scene.cpp stb.cpp utilities.cpp
         utilities.cpp
         stb.cpp
     1>c:\users\dome\documents\github\distrenderer\include\stb_image_write.h(215): warning C4996: 'fopen': This function or variable may be unsafe. Consider using fopen_s instead. To disable deprecation, use _CRT_SECURE_NO_WARNINGS. See online help for details.
                 c:\program files (x86)\microsoft visual studio 12.0\vc\include\stdio.h(211) : see declaration of 'fopen'
     1>c:\users\dome\documents\github\distrenderer\include\stb_image_write.h(377): warning C4996: 'fopen': This function or variable may be unsafe. Consider using fopen_s instead. To disable deprecation, use _CRT_SECURE_NO_WARNINGS. See online help for details.
                 c:\program files (x86)\microsoft visual studio 12.0\vc\include\stdio.h(211) : see declaration of 'fopen'
     1>c:\users\dome\documents\github\distrenderer\include\stb_image_write.h(707): warning C4996: 'fopen': This function or variable may be unsafe. Consider using fopen_s instead. To disable deprecation, use _CRT_SECURE_NO_WARNINGS. See online help for details.
                 c:\program files (x86)\microsoft visual studio 12.0\vc\include\stdio.h(211) : see declaration of 'fopen'
         scene.cpp
     1>c:\users\dome\documents\github\distrenderer\distrenderer\scene.cpp(100): warning C4018: '<' : signed/unsigned mismatch
     1>c:\users\dome\documents\github\distrenderer\distrenderer\scene.cpp(139): warning C4244: '=' : conversion from 'double' to 'float', possible loss of data
     1>c:\users\dome\documents\github\distrenderer\distrenderer\scene.cpp(147): warning C4244: '=' : conversion from 'double' to 'float', possible loss of data
     1>c:\users\dome\documents\github\distrenderer\distrenderer\scene.cpp(149): warning C4244: '=' : conversion from 'double' to 'float', possible loss of data
     1>c:\users\dome\documents\github\distrenderer\distrenderer\scene.cpp(205): warning C4244: '=' : conversion from 'double' to 'float', possible loss of data
     1>c:\users\dome\documents\github\distrenderer\distrenderer\scene.cpp(210): warning C4244: '=' : conversion from 'double' to 'float', possible loss of data
     1>c:\users\dome\documents\github\distrenderer\distrenderer\scene.cpp(212): warning C4244: '=' : conversion from 'double' to 'float', possible loss of data
     1>c:\users\dome\documents\github\distrenderer\distrenderer\scene.cpp(214): warning C4244: '=' : conversion from 'double' to 'float', possible loss of data
     1>c:\users\dome\documents\github\distrenderer\distrenderer\scene.cpp(216): warning C4244: '=' : conversion from 'double' to 'float', possible loss of data
     1>c:\users\dome\documents\github\distrenderer\distrenderer\scene.cpp(218): warning C4244: '=' : conversion from 'double' to 'float', possible loss of data
     1>c:\users\dome\documents\github\distrenderer\distrenderer\scene.cpp(259): warning C4018: '<' : signed/unsigned mismatch
     1>c:\users\dome\documents\github\distrenderer\distrenderer\scene.cpp(269): warning C4018: '<' : signed/unsigned mismatch
         preview.cpp
     1>c:\program files (x86)\windows kits\8.1\include\shared\minwindef.h(130): warning C4005: 'APIENTRY' : macro redefinition
                 c:\users\dome\documents\github\distrenderer\include\glfw\glfw3.h(85) : see previous definition of 'APIENTRY'
         Mesh.cpp
     1>c:\users\dome\documents\github\distrenderer\distrenderer\mesh.cpp(89): warning C4018: '<' : signed/unsigned mismatch
     1>c:\users\dome\documents\github\distrenderer\distrenderer\mesh.cpp(102): warning C4018: '<' : signed/unsigned mismatch
         main.cpp
     1>c:\program files (x86)\windows kits\8.1\include\shared\minwindef.h(130): warning C4005: 'APIENTRY' : macro redefinition
                 c:\users\dome\documents\github\distrenderer\include\glfw\glfw3.h(85) : see previous definition of 'APIENTRY'
         image.cpp
         glslUtility.cpp
     1>c:\users\dome\documents\github\distrenderer\distrenderer\glslutility.cpp(100): warning C4996: 'strcpy': This function or variable may be unsafe. Consider using strcpy_s instead. To disable deprecation, use _CRT_SECURE_NO_WARNINGS. See online help for details.
                 c:\program files (x86)\microsoft visual studio 12.0\vc\include\string.h(112) : see declaration of 'strcpy'
         Generating Code...
       Link:
         C:\Program Files (x86)\Microsoft Visual Studio 12.0\VC\bin\link.exe /ERRORREPORT:PROMPT /OUT:"C:\Users\Dome\Documents\GitHub\DistRenderer\Debug\DistRenderer.exe" /INCREMENTAL /NOLOGO /LIBPATH:..\lib /LIBPATH:"C:\Program Files\NVIDIA GPU Computing Toolkit\CUDA\v7.5\lib\Win32" iphlpapi.lib libprotobuf_d.lib libprotoc_d.lib glew32.lib glfw3.lib opengl32.lib assimp.lib cudart.lib kernel32.lib user32.lib gdi32.lib winspool.lib comdlg32.lib advapi32.lib shell32.lib ole32.lib oleaut32.lib uuid.lib odbc32.lib odbccp32.lib kernel32.lib user32.lib gdi32.lib winspool.lib comdlg32.lib advapi32.lib shell32.lib ole32.lib oleaut32.lib uuid.lib odbc32.lib odbccp32.lib /MANIFEST /MANIFESTUAC:"level='asInvoker' uiAccess='false'" /manifest:embed /DEBUG /PDB:"C:\Users\Dome\Documents\GitHub\DistRenderer\Debug\DistRenderer.pdb" /SUBSYSTEM:CONSOLE /TLBID:1 /DYNAMICBASE /NXCOMPAT /IMPLIB:"C:\Users\Dome\Documents\GitHub\DistRenderer\Debug\DistRenderer.lib" /MACHINE:X86 Debug\pathtrace.cu.obj
         Debug\glslUtility.obj
         Debug\image.obj
         Debug\main.obj
         Debug\Mesh.obj
         Debug\preview.obj
         Debug\scene.obj
         Debug\stb.obj
         Debug\utilities.obj
     1>LINK : warning LNK4098: defaultlib 'MSVCRT' conflicts with use of other libs; use /NODEFAULTLIB:library
     1>Mesh.obj : error LNK2019: unresolved external symbol "public: __thiscall Assimp::Importer::Importer(void)" (??0Importer@Assimp@@QAE@XZ) referenced in function "public: void __thiscall Mesh::LoadMesh(char const *)" (?LoadMesh@Mesh@@QAEXPBD@Z)
     1>Mesh.obj : error LNK2019: unresolved external symbol "public: __thiscall Assimp::Importer::~Importer(void)" (??1Importer@Assimp@@QAE@XZ) referenced in function "public: void __thiscall Mesh::LoadMesh(char const *)" (?LoadMesh@Mesh@@QAEXPBD@Z)
     1>Mesh.obj : error LNK2019: unresolved external symbol "public: struct aiScene const * __thiscall Assimp::Importer::ReadFile(char const *,unsigned int)" (?ReadFile@Importer@Assimp@@QAEPBUaiScene@@PBDI@Z) referenced in function "public: void __thiscall Mesh::LoadMesh(char const *)" (?LoadMesh@Mesh@@QAEXPBD@Z)
     1>C:\Users\Dome\Documents\GitHub\DistRenderer\Debug\DistRenderer.exe : fatal error LNK1120: 3 unresolved externals
     1>Done Building Project "C:\Users\Dome\Documents\GitHub\DistRenderer\DistRenderer\DistRenderer.vcxproj" (Rebuild target(s)) -- FAILED.

Build FAILED.

Time Elapsed 00:01:30.87
