c:\users\dome\documents\github\distrenderer\distrenderer\x64\release\vc120.pdb
c:\users\dome\documents\github\distrenderer\distrenderer\x64\release\utilities.obj
c:\users\dome\documents\github\distrenderer\distrenderer\x64\release\stb.obj
c:\users\dome\documents\github\distrenderer\distrenderer\x64\release\scene.obj
c:\users\dome\documents\github\distrenderer\distrenderer\x64\release\preview.obj
c:\users\dome\documents\github\distrenderer\distrenderer\x64\release\mesh.obj
c:\users\dome\documents\github\distrenderer\distrenderer\x64\release\main.obj
c:\users\dome\documents\github\distrenderer\distrenderer\x64\release\image.obj
c:\users\dome\documents\github\distrenderer\distrenderer\x64\release\glslutility.obj
c:\users\dome\documents\github\distributed-renderer\distrenderer\x64\release\vc120.pdb
c:\users\dome\documents\github\distributed-renderer\distrenderer\x64\release\utilities.obj
c:\users\dome\documents\github\distributed-renderer\distrenderer\x64\release\stb.obj
c:\users\dome\documents\github\distributed-renderer\distrenderer\x64\release\scene.obj
c:\users\dome\documents\github\distributed-renderer\distrenderer\x64\release\preview.obj
c:\users\dome\documents\github\distributed-renderer\distrenderer\x64\release\mesh.obj
c:\users\dome\documents\github\distributed-renderer\distrenderer\x64\release\main.obj
c:\users\dome\documents\github\distributed-renderer\distrenderer\x64\release\image.obj
c:\users\dome\documents\github\distributed-renderer\distrenderer\x64\release\glslutility.obj
c:\users\dome\documents\github\distrenderer\x64\release\distrenderer.exe
c:\users\dome\documents\github\distrenderer\x64\release\distrenderer.pdb
c:\users\dome\documents\github\distributed-renderer\x64\release\distrenderer.exe
c:\users\dome\documents\github\distributed-renderer\x64\release\distrenderer.pdb
c:\users\dome\documents\github\distributed-renderer\distrenderer\x64\release\cudarenderer.cu.cache
c:\users\dome\documents\github\distributed-renderer\distrenderer\x64\release\interactions.cu.cache
c:\users\dome\documents\github\distributed-renderer\distrenderer\x64\release\intersections.cu.cache
c:\users\dome\documents\github\distributed-renderer\distrenderer\x64\release\cudarenderer.cu.obj
c:\users\dome\documents\github\distributed-renderer\distrenderer\x64\release\distrenderer.device-link.obj
c:\users\dome\documents\github\distributed-renderer\distrenderer\x64\release\interactions.cu.obj
c:\users\dome\documents\github\distributed-renderer\distrenderer\x64\release\intersections.cu.obj
c:\users\dome\documents\github\distributed-renderer\distrenderer\x64\release\distrenderer.tlog\cl.command.1.tlog
c:\users\dome\documents\github\distributed-renderer\distrenderer\x64\release\distrenderer.tlog\cl.read.1.tlog
c:\users\dome\documents\github\distributed-renderer\distrenderer\x64\release\distrenderer.tlog\cl.write.1.tlog
c:\users\dome\documents\github\distributed-renderer\distrenderer\x64\release\distrenderer.tlog\link.command.1.tlog
c:\users\dome\documents\github\distributed-renderer\distrenderer\x64\release\distrenderer.tlog\link.read.1.tlog
c:\users\dome\documents\github\distributed-renderer\distrenderer\x64\release\distrenderer.tlog\link.write.1.tlog
