Build started 11/14/2015 8:16:20 PM.
     1>Project "C:\Users\Sanchit Garg\Desktop\GPU\distributedRenderer\Distributed Renderer\Distributed Renderer.vcxproj" on node 2 (Build target(s)).
     1>CudaBuild:
         Compiling CUDA source file ..\src\pathtrace.cu...
         cmd.exe /C "C:\Users\Sanchit Garg\AppData\Local\Temp\tmp3e103bdd158b46b7b9e0e35f232febf2.cmd"
         "..\..\..\..\..\..\Program Files\NVIDIA GPU Computing Toolkit\CUDA\v7.5\bin\nvcc.exe" -gencode=arch=compute_20,code=\"sm_20,compute_20\" --use-local-env --cl-version 2013 -ccbin "C:\Program Files (x86)\Microsoft Visual Studio 12.0\VC\bin"  -I..\external\Assimp\include -I..\external\include -I"..\..\..\..\..\..\Program Files\NVIDIA GPU Computing Toolkit\CUDA\v7.5\include" -I"..\..\..\..\..\..\Program Files\NVIDIA GPU Computing Toolkit\CUDA\v7.5\include"     --keep-dir Release -maxrregcount=0  --machine 32 --compile -cudart static     -DWIN32 -DNDEBUG -D_CONSOLE -D_MBCS -Xcompiler "/EHsc /W3 /nologo /O2 /Zi  /MD " -o Release\pathtrace.cu.obj "C:\Users\Sanchit Garg\Desktop\GPU\distributedRenderer\src\pathtrace.cu"
         
         C:\Users\Sanchit Garg\Desktop\GPU\distributedRenderer\Distributed Renderer>"..\..\..\..\..\..\Program Files\NVIDIA GPU Computing Toolkit\CUDA\v7.5\bin\nvcc.exe" -gencode=arch=compute_20,code=\"sm_20,compute_20\" --use-local-env --cl-version 2013 -ccbin "C:\Program Files (x86)\Microsoft Visual Studio 12.0\VC\bin"  -I..\external\Assimp\include -I..\external\include -I"..\..\..\..\..\..\Program Files\NVIDIA GPU Computing Toolkit\CUDA\v7.5\include" -I"..\..\..\..\..\..\Program Files\NVIDIA GPU Computing Toolkit\CUDA\v7.5\include"     --keep-dir Release -maxrregcount=0  --machine 32 --compile -cudart static     -DWIN32 -DNDEBUG -D_CONSOLE -D_MBCS -Xcompiler "/EHsc /W3 /nologo /O2 /Zi  /MD " -o Release\pathtrace.cu.obj "C:\Users\Sanchit Garg\Desktop\GPU\distributedRenderer\src\pathtrace.cu" 
     1>c:\users\sanchit garg\desktop\gpu\distributedrenderer\src\intersections.h(48): warning : parameter "outside" was set but never used
     1>c:\users\sanchit garg\desktop\gpu\distributedrenderer\external\include\glm\gtx\intersect.inl(51): warning : calling a __host__ function from a __host__ __device__ function is not allowed
     1>c:\users\sanchit garg\desktop\gpu\distributedrenderer\src\intersections.h(48): warning : parameter "outside" was set but never used
         pathtrace.cu
     1>c:\users\sanchit garg\desktop\gpu\distributedrenderer\src\intersections.h(65): warning C4244: '=' : conversion from 'int' to 'float', possible loss of data
     1>c:\users\sanchit garg\desktop\gpu\distributedrenderer\src\interactions.h(74): warning C4244: 'argument' : conversion from 'double' to 'float', possible loss of data
     1>c:\users\sanchit garg\desktop\gpu\distributedrenderer\src\interactions.h(76): warning C4244: 'initializing' : conversion from 'float' to 'int', possible loss of data
       ClCompile:
         C:\Program Files (x86)\Microsoft Visual Studio 12.0\VC\bin\CL.exe /c /I..\external\Assimp\include /I..\external\include /I"..\..\..\..\..\..\Program Files\NVIDIA GPU Computing Toolkit\CUDA\v7.5\include" /Zi /nologo /W3 /WX- /O2 /Oi /Oy- /GL /D WIN32 /D NDEBUG /D _CONSOLE /D _MBCS /Gm- /EHsc /MD /GS /Gy /fp:precise /Zc:wchar_t /Zc:forScope /Fo"Release\\" /Fd"Release\vc120.pdb" /Gd /TP /analyze- /errorReport:prompt ..\src\glslUtility.cpp ..\src\image.cpp ..\src\main.cpp ..\src\Mesh.cpp ..\src\preview.cpp ..\src\scene.cpp ..\src\stb.cpp ..\src\utilities.cpp
         glslUtility.cpp
     1>..\src\glslUtility.cpp(100): warning C4996: 'strcpy': This function or variable may be unsafe. Consider using strcpy_s instead. To disable deprecation, use _CRT_SECURE_NO_WARNINGS. See online help for details.
                 C:\Program Files (x86)\Microsoft Visual Studio 12.0\VC\include\string.h(112) : see declaration of 'strcpy'
         image.cpp
         main.cpp
     1>..\src\main.cpp(32): warning C4316: 'Scene' : object allocated on the heap may not be aligned 16
     1>..\src\main.cpp(50): warning C4244: 'initializing' : conversion from 'int' to 'float', possible loss of data
     1>..\src\main.cpp(97): warning C4018: '<' : signed/unsigned mismatch
         Mesh.cpp
     1>..\src\Mesh.cpp(89): warning C4018: '<' : signed/unsigned mismatch
     1>..\src\Mesh.cpp(102): warning C4018: '<' : signed/unsigned mismatch
         preview.cpp
         scene.cpp
     1>..\src\scene.cpp(100): warning C4018: '<' : signed/unsigned mismatch
     1>..\src\scene.cpp(139): warning C4244: '=' : conversion from 'double' to 'float', possible loss of data
     1>..\src\scene.cpp(147): warning C4244: '=' : conversion from 'double' to 'float', possible loss of data
     1>..\src\scene.cpp(149): warning C4244: '=' : conversion from 'double' to 'float', possible loss of data
     1>..\src\scene.cpp(205): warning C4244: '=' : conversion from 'double' to 'float', possible loss of data
     1>..\src\scene.cpp(210): warning C4244: '=' : conversion from 'double' to 'float', possible loss of data
     1>..\src\scene.cpp(212): warning C4244: '=' : conversion from 'double' to 'float', possible loss of data
     1>..\src\scene.cpp(214): warning C4244: '=' : conversion from 'double' to 'float', possible loss of data
     1>..\src\scene.cpp(216): warning C4244: '=' : conversion from 'double' to 'float', possible loss of data
     1>..\src\scene.cpp(218): warning C4244: '=' : conversion from 'double' to 'float', possible loss of data
     1>..\src\scene.cpp(259): warning C4018: '<' : signed/unsigned mismatch
     1>..\src\scene.cpp(269): warning C4018: '<' : signed/unsigned mismatch
         stb.cpp
     1>C:\Users\Sanchit Garg\Desktop\GPU\distributedRenderer\external\include\stb_image_write.h(215): warning C4996: 'fopen': This function or variable may be unsafe. Consider using fopen_s instead. To disable deprecation, use _CRT_SECURE_NO_WARNINGS. See online help for details.
                 C:\Program Files (x86)\Microsoft Visual Studio 12.0\VC\include\stdio.h(211) : see declaration of 'fopen'
     1>C:\Users\Sanchit Garg\Desktop\GPU\distributedRenderer\external\include\stb_image_write.h(377): warning C4996: 'fopen': This function or variable may be unsafe. Consider using fopen_s instead. To disable deprecation, use _CRT_SECURE_NO_WARNINGS. See online help for details.
                 C:\Program Files (x86)\Microsoft Visual Studio 12.0\VC\include\stdio.h(211) : see declaration of 'fopen'
     1>C:\Users\Sanchit Garg\Desktop\GPU\distributedRenderer\external\include\stb_image_write.h(707): warning C4996: 'fopen': This function or variable may be unsafe. Consider using fopen_s instead. To disable deprecation, use _CRT_SECURE_NO_WARNINGS. See online help for details.
                 C:\Program Files (x86)\Microsoft Visual Studio 12.0\VC\include\stdio.h(211) : see declaration of 'fopen'
         utilities.cpp
       Link:
         C:\Program Files (x86)\Microsoft Visual Studio 12.0\VC\bin\link.exe /ERRORREPORT:PROMPT /OUT:"C:\Users\Sanchit Garg\Desktop\GPU\distributedRenderer\Release\Distributed Renderer.exe" /NOLOGO /LIBPATH:..\external\Assimp\lib\x86 /LIBPATH:..\external\lib\win /LIBPATH:"..\..\..\..\..\..\Program Files\NVIDIA GPU Computing Toolkit\CUDA\v7.5\lib\Win32" cudart.lib kernel32.lib user32.lib gdi32.lib winspool.lib comdlg32.lib advapi32.lib shell32.lib ole32.lib oleaut32.lib uuid.lib odbc32.lib odbccp32.lib glew32.lib assimp.lib glu32.lib opengl32.lib glew32s.lib glfw3.lib glfw3dll.lib kernel32.lib user32.lib gdi32.lib winspool.lib comdlg32.lib advapi32.lib shell32.lib ole32.lib oleaut32.lib uuid.lib odbc32.lib odbccp32.lib /MANIFEST /MANIFESTUAC:"level='asInvoker' uiAccess='false'" /manifest:embed /DEBUG /PDB:"C:\Users\Sanchit Garg\Desktop\GPU\distributedRenderer\Release\Distributed Renderer.pdb" /SUBSYSTEM:CONSOLE /OPT:REF /OPT:ICF /LTCG /TLBID:1 /DYNAMICBASE /NXCOMPAT /IMPLIB:"C:\Users\Sanchit Garg\Desktop\GPU\distributedRenderer\Release\Distributed Renderer.lib" /MACHINE:X86 /SAFESEH Release\pathtrace.cu.obj
         Release\glslUtility.obj
         Release\image.obj
         Release\main.obj
         Release\Mesh.obj
         Release\preview.obj
         Release\scene.obj
         Release\stb.obj
         Release\utilities.obj
         Generating code
         Finished generating code
         Distributed Renderer.vcxproj -> C:\Users\Sanchit Garg\Desktop\GPU\distributedRenderer\Release\Distributed Renderer.exe
       PostBuildEvent:
         echo copy "..\..\..\..\..\..\Program Files\NVIDIA GPU Computing Toolkit\CUDA\v7.5\bin\cudart*.dll" "C:\Users\Sanchit Garg\Desktop\GPU\distributedRenderer\Release\"
         copy "..\..\..\..\..\..\Program Files\NVIDIA GPU Computing Toolkit\CUDA\v7.5\bin\cudart*.dll" "C:\Users\Sanchit Garg\Desktop\GPU\distributedRenderer\Release\"
         :VCEnd
         copy "..\..\..\..\..\..\Program Files\NVIDIA GPU Computing Toolkit\CUDA\v7.5\bin\cudart*.dll" "C:\Users\Sanchit Garg\Desktop\GPU\distributedRenderer\Release\"
         ..\..\..\..\..\..\Program Files\NVIDIA GPU Computing Toolkit\CUDA\v7.5\bin\cudart32_75.dll
         ..\..\..\..\..\..\Program Files\NVIDIA GPU Computing Toolkit\CUDA\v7.5\bin\cudart64_75.dll
                 2 file(s) copied.
     1>Done Building Project "C:\Users\Sanchit Garg\Desktop\GPU\distributedRenderer\Distributed Renderer\Distributed Renderer.vcxproj" (Build target(s)).

Build succeeded.

Time Elapsed 00:00:26.22
