c:\users\dome\documents\github\distributed-renderer\distrenderer\x64\debug\vc120.pdb
c:\users\dome\documents\github\distributed-renderer\distrenderer\x64\debug\vc120.idb
c:\users\dome\documents\github\distributed-renderer\distrenderer\x64\debug\frontend.obj
c:\users\dome\documents\github\distributed-renderer\distrenderer\x64\debug\gldisplay.obj
c:\users\dome\documents\github\distributed-renderer\distrenderer\x64\debug\glslutility.obj
c:\users\dome\documents\github\distributed-renderer\distrenderer\x64\debug\helper.obj
c:\users\dome\documents\github\distributed-renderer\distrenderer\x64\debug\image.obj
c:\users\dome\documents\github\distributed-renderer\distrenderer\x64\debug\leader.obj
c:\users\dome\documents\github\distributed-renderer\distrenderer\x64\debug\main.obj
c:\users\dome\documents\github\distributed-renderer\distrenderer\x64\debug\mesh.obj
c:\users\dome\documents\github\distributed-renderer\distrenderer\x64\debug\msg.pb.obj
c:\users\dome\documents\github\distributed-renderer\distrenderer\x64\debug\packet.obj
c:\users\dome\documents\github\distributed-renderer\distrenderer\x64\debug\packetmanager.obj
c:\users\dome\documents\github\distributed-renderer\distrenderer\x64\debug\renderer.obj
c:\users\dome\documents\github\distributed-renderer\distrenderer\x64\debug\scene.obj
c:\users\dome\documents\github\distributed-renderer\distrenderer\x64\debug\stb.obj
c:\users\dome\documents\github\distributed-renderer\distrenderer\x64\debug\utilities.obj
c:\users\dome\documents\github\distributed-renderer\distrenderer\x64\debug\viewer.obj
c:\users\dome\documents\github\distributed-renderer\x64\debug\distrenderer.ilk
c:\users\dome\documents\github\distributed-renderer\x64\debug\distrenderer.exe
c:\users\dome\documents\github\distributed-renderer\x64\debug\distrenderer.pdb
c:\users\dome\documents\github\distributed-renderer\distrenderer\x64\debug\cudapathtracer.cu.cache
c:\users\dome\documents\github\distributed-renderer\distrenderer\x64\debug\interactions.cu.cache
c:\users\dome\documents\github\distributed-renderer\distrenderer\x64\debug\intersections.cu.cache
c:\users\dome\documents\github\distributed-renderer\distrenderer\x64\debug\cudapathtracer.cu.obj
c:\users\dome\documents\github\distributed-renderer\distrenderer\x64\debug\distrenderer.device-link.obj
c:\users\dome\documents\github\distributed-renderer\distrenderer\x64\debug\interactions.cu.obj
c:\users\dome\documents\github\distributed-renderer\distrenderer\x64\debug\intersections.cu.obj
c:\users\dome\documents\github\distributed-renderer\distrenderer\x64\debug\distrenderer.tlog\cl.command.1.tlog
c:\users\dome\documents\github\distributed-renderer\distrenderer\x64\debug\distrenderer.tlog\cl.read.1.tlog
c:\users\dome\documents\github\distributed-renderer\distrenderer\x64\debug\distrenderer.tlog\cl.write.1.tlog
c:\users\dome\documents\github\distributed-renderer\distrenderer\x64\debug\distrenderer.tlog\link.command.1.tlog
c:\users\dome\documents\github\distributed-renderer\distrenderer\x64\debug\distrenderer.tlog\link.read.1.tlog
c:\users\dome\documents\github\distributed-renderer\distrenderer\x64\debug\distrenderer.tlog\link.write.1.tlog
